This is pdfTeX, Version 3.14159265-2.6-1.40.21 (TeX Live 2020/W32TeX) (preloaded format=pdflatex 2020.4.17)  26 MAY 2020 22:16
entering extended mode
 restricted \write18 enabled.
 %&-line parsing enabled.
**NOTE.tex
(./NOTE.tex
LaTeX2e <2020-02-02> patch level 5
L3 programming layer <2020-03-06>
(d:/program/texlive/2020/texmf-dist/tex/latex/base/article.cls
Document Class: article 2019/12/20 v1.4l Standard LaTeX document class
(d:/program/texlive/2020/texmf-dist/tex/latex/base/size10.clo
File: size10.clo 2019/12/20 v1.4l Standard LaTeX file (size option)
)
\c@part=\count167
\c@section=\count168
\c@subsection=\count169
\c@subsubsection=\count170
\c@paragraph=\count171
\c@subparagraph=\count172
\c@figure=\count173
\c@table=\count174
\abovecaptionskip=\skip47
\belowcaptionskip=\skip48
\bibindent=\dimen134
)
(d:/program/texlive/2020/texmf-dist/tex/latex/ctex/ctex.sty
(d:/program/texlive/2020/texmf-dist/tex/latex/l3kernel/expl3.sty
Package: expl3 2020-03-06 L3 programming layer (loader) 

(d:/program/texlive/2020/texmf-dist/tex/latex/l3backend/l3backend-pdfmode.def
File: l3backend-pdfmode.def 2020-03-12 L3 backend support: PDF mode
\l__kernel_color_stack_int=\count175
\l__pdf_internal_box=\box45
))
Package: ctex 2019/05/29 v2.4.16 Chinese adapter in LaTeX (CTEX)
(d:/program/texlive/2020/texmf-dist/tex/latex/l3packages/xparse/xparse.sty
Package: xparse 2020-03-06 L3 Experimental document command parser
\l__xparse_current_arg_int=\count176
\g__xparse_grabber_int=\count177
\l__xparse_m_args_int=\count178
\l__xparse_v_nesting_int=\count179
)
(d:/program/texlive/2020/texmf-dist/tex/latex/l3packages/l3keys2e/l3keys2e.sty
Package: l3keys2e 2020-03-06 LaTeX2e option processing using LaTeX3 keys
) (d:/program/texlive/2020/texmf-dist/tex/latex/ctex/ctexhook.sty
Package: ctexhook 2019/05/29 v2.4.16 Document and package hooks (CTEX)
)
(d:/program/texlive/2020/texmf-dist/tex/latex/ctex/ctexpatch.sty
Package: ctexpatch 2019/05/29 v2.4.16 Patching commands (CTEX)
)
(d:/program/texlive/2020/texmf-dist/tex/latex/base/fix-cm.sty
Package: fix-cm 2015/01/14 v1.1t fixes to LaTeX

(d:/program/texlive/2020/texmf-dist/tex/latex/base/ts1enc.def
File: ts1enc.def 2001/06/05 v3.0e (jk/car/fm) Standard LaTeX file
LaTeX Font Info:    Redeclaring font encoding TS1 on input line 47.
))
(d:/program/texlive/2020/texmf-dist/tex/latex/ms/everysel.sty
Package: everysel 2011/10/28 v1.2 EverySelectfont Package (MS)
)
\l__ctex_tmp_int=\count180
\l__ctex_tmp_box=\box46
\l__ctex_tmp_dim=\dimen135
\g__ctex_section_depth_int=\count181
\g__ctex_font_size_int=\count182

(d:/program/texlive/2020/texmf-dist/tex/latex/ctex/config/ctexopts.cfg
File: ctexopts.cfg 2019/05/29 v2.4.16 Option configuration file (CTEX)
)
(d:/program/texlive/2020/texmf-dist/tex/latex/ctex/engine/ctex-engine-pdftex.de
f
File: ctex-engine-pdftex.def 2019/05/29 v2.4.16 (pdf)LaTeX adapter (CTEX)
 (d:/program/texlive/2020/texmf-dist/tex/latex/cjk/texinput/CJKutf8.sty
Package: CJKutf8 2015/04/18 4.8.4

(d:/program/texlive/2020/texmf-dist/tex/generic/iftex/ifpdf.sty
Package: ifpdf 2019/10/25 v3.4 ifpdf legacy package. Use iftex instead.

(d:/program/texlive/2020/texmf-dist/tex/generic/iftex/iftex.sty
Package: iftex 2020/03/06 v1.0d TeX engine tests
))
(d:/program/texlive/2020/texmf-dist/tex/latex/base/inputenc.sty
Package: inputenc 2018/08/11 v1.3c Input encoding file
\inpenc@prehook=\toks15
\inpenc@posthook=\toks16
)
(d:/program/texlive/2020/texmf-dist/tex/latex/cjk/texinput/CJK.sty
Package: CJK 2015/04/18 4.8.4

(d:/program/texlive/2020/texmf-dist/tex/latex/cjk/texinput/mule/MULEenc.sty
Package: MULEenc 2015/04/18 4.8.4
)
(d:/program/texlive/2020/texmf-dist/tex/latex/cjk/texinput/CJK.enc
File: CJK.enc 2015/04/18 4.8.4
Now handling font encoding C00 ...
... no UTF-8 mapping file for font encoding C00
Now handling font encoding C05 ...
... no UTF-8 mapping file for font encoding C05
Now handling font encoding C09 ...
... no UTF-8 mapping file for font encoding C09
Now handling font encoding C10 ...
... no UTF-8 mapping file for font encoding C10
Now handling font encoding C20 ...
... no UTF-8 mapping file for font encoding C20
Now handling font encoding C19 ...
... no UTF-8 mapping file for font encoding C19
Now handling font encoding C40 ...
... no UTF-8 mapping file for font encoding C40
Now handling font encoding C42 ...
... no UTF-8 mapping file for font encoding C42
Now handling font encoding C43 ...
... no UTF-8 mapping file for font encoding C43
Now handling font encoding C50 ...
... no UTF-8 mapping file for font encoding C50
Now handling font encoding C52 ...
... no UTF-8 mapping file for font encoding C52
Now handling font encoding C49 ...
... no UTF-8 mapping file for font encoding C49
Now handling font encoding C60 ...
... no UTF-8 mapping file for font encoding C60
Now handling font encoding C61 ...
... no UTF-8 mapping file for font encoding C61
Now handling font encoding C63 ...
... no UTF-8 mapping file for font encoding C63
Now handling font encoding C64 ...
... no UTF-8 mapping file for font encoding C64
Now handling font encoding C65 ...
... no UTF-8 mapping file for font encoding C65
Now handling font encoding C70 ...
... no UTF-8 mapping file for font encoding C70
Now handling font encoding C31 ...
... no UTF-8 mapping file for font encoding C31
Now handling font encoding C32 ...
... no UTF-8 mapping file for font encoding C32
Now handling font encoding C33 ...
... no UTF-8 mapping file for font encoding C33
Now handling font encoding C34 ...
... no UTF-8 mapping file for font encoding C34
Now handling font encoding C35 ...
... no UTF-8 mapping file for font encoding C35
Now handling font encoding C36 ...
... no UTF-8 mapping file for font encoding C36
Now handling font encoding C37 ...
... no UTF-8 mapping file for font encoding C37
Now handling font encoding C80 ...
... no UTF-8 mapping file for font encoding C80
Now handling font encoding C81 ...
... no UTF-8 mapping file for font encoding C81
Now handling font encoding C01 ...
... no UTF-8 mapping file for font encoding C01
Now handling font encoding C11 ...
... no UTF-8 mapping file for font encoding C11
Now handling font encoding C21 ...
... no UTF-8 mapping file for font encoding C21
Now handling font encoding C41 ...
... no UTF-8 mapping file for font encoding C41
Now handling font encoding C62 ...
... no UTF-8 mapping file for font encoding C62
)
LaTeX Info: Redefining \selectfont on input line 755.
\CJK@indent=\box47
)
(d:/program/texlive/2020/texmf-dist/tex/latex/base/fontenc.sty
Package: fontenc 2020/02/11 v2.0o Standard LaTeX package
))
(d:/program/texlive/2020/texmf-dist/tex/latex/cjkpunct/CJKpunct.sty
Package: CJKpunct 2016/05/14 4.8.4
\CJKpunct@cnta=\count183
\CJKpunct@cntb=\count184
\CJKpunct@cntc=\count185
\CJKpunct@cntd=\count186
\CJKpunct@cnte=\count187
   defining Unicode char U+2018 (decimal 8216)
   defining Unicode char U+2019 (decimal 8217)
   defining Unicode char U+201C (decimal 8220)
   defining Unicode char U+201D (decimal 8221)
   defining Unicode char U+2014 (decimal 8212)
   defining Unicode char U+2026 (decimal 8230)

(d:/program/texlive/2020/texmf-dist/tex/latex/cjkpunct/CJKpunct.spa))
(d:/program/texlive/2020/texmf-dist/tex/latex/cjk/texinput/CJKspace.sty
Package: CJKspace 2015/04/18 3.8.0
)
(d:/program/texlive/2020/texmf-dist/tex/latex/ctex/ctexspa.def
File: ctexspa.def 2019/05/29 v2.4.16 Space info for CJKpunct (CTEX)
)
(d:/program/texlive/2020/texmf-dist/tex/latex/cjk/texinput/CJKfntef.sty
Package: CJKfntef 2015/04/18 4.8.4

(d:/program/texlive/2020/texmf-dist/tex/latex/cjk/texinput/CJKulem.sty
Package: CJKulem 2015/04/18 4.8.4

(d:/program/texlive/2020/texmf-dist/tex/generic/ulem/ulem.sty
\UL@box=\box48
\UL@hyphenbox=\box49
\UL@skip=\skip49
\UL@hook=\toks17
\UL@height=\dimen136
\UL@pe=\count188
\UL@pixel=\dimen137
\ULC@box=\box50
Package: ulem 2019/11/18
\ULdepth=\dimen138
)
\UL@lastkern=\dimen139
\CJK@skip=\skip50
)
\CJK@fntefSkip=\skip51
\CJK@nest=\count189
\CJK@fntefDimen=\dimen140
\CJK@underdotBox=\box51
\CJK@ULbox=\box52
\CJK@underanyskip=\dimen141
)
\ccwd=\dimen142
\l__ctex_ccglue_skip=\skip52
)
\l__ctex_ziju_dim=\dimen143

(d:/program/texlive/2020/texmf-dist/tex/latex/zhnumber/zhnumber.sty
Package: zhnumber 2019/04/07 v2.7 Typesetting numbers with Chinese glyphs
\l__zhnum_scale_int=\count190
\l__zhnum_byte_min_int=\count191
\l__zhnum_byte_max_int=\count192

(d:/program/texlive/2020/texmf-dist/tex/latex/zhnumber/zhnumber-utf8.cfg
File: zhnumber-utf8.cfg 2019/04/07 v2.7 Chinese numerals with UTF8 encoding
))
(d:/program/texlive/2020/texmf-dist/tex/latex/ctex/scheme/ctex-scheme-chinese.d
ef
File: ctex-scheme-chinese.def 2019/05/29 v2.4.16 Chinese scheme for generic (CT
EX)
 (d:/program/texlive/2020/texmf-dist/tex/latex/ctex/config/ctex-name-utf8.cfg
File: ctex-name-utf8.cfg 2019/05/29 v2.4.16 Caption with encoding UTF8 (CTEX)
)) (d:/program/texlive/2020/texmf-dist/tex/latex/tools/indentfirst.sty
Package: indentfirst 1995/11/23 v1.03 Indent first paragraph (DPC)
)
(d:/program/texlive/2020/texmf-dist/tex/latex/ctex/ctex-c5size.clo
File: ctex-c5size.clo 2019/05/29 v2.4.16 c5size option (CTEX)
)
(d:/program/texlive/2020/texmf-dist/tex/latex/ctex/fontset/ctex-fontset-windows
.def
File: ctex-fontset-windows.def 2019/05/29 v2.4.16 Windows fonts definition (CTE
X)

(d:/program/texlive/2020/texmf-dist/tex/latex/ctex/fontset/ctex-fontset-windows
new.def
File: ctex-fontset-windowsnew.def 2019/05/29 v2.4.16 Windows fonts definition f
or Vista or later version (CTEX)
 (d:/program/texlive/2020/texmf-dist/tex/generic/ctex/zhwindowsfonts.tex
File: zhwindowsfonts.tex 2019/05/29 v2.4.16 Windows font map loader for pdfTeX 
and DVIPDFMx (CTEX)
{d:/program/texlive/2020/texmf-var/fonts/map/pdftex/updmap/pdftex.map}{UGBK.sfd
}{Unicode.sfd}))))
(d:/program/texlive/2020/texmf-dist/tex/latex/ctex/config/ctex.cfg
File: ctex.cfg 2019/05/29 v2.4.16 Configuration file (CTEX)
)
(d:/program/texlive/2020/texmf-dist/tex/latex/amsmath/amsmath.sty
Package: amsmath 2020/01/20 v2.17e AMS math features
\@mathmargin=\skip53

For additional information on amsmath, use the `?' option.
(d:/program/texlive/2020/texmf-dist/tex/latex/amsmath/amstext.sty
Package: amstext 2000/06/29 v2.01 AMS text

(d:/program/texlive/2020/texmf-dist/tex/latex/amsmath/amsgen.sty
File: amsgen.sty 1999/11/30 v2.0 generic functions
\@emptytoks=\toks18
\ex@=\dimen144
))
(d:/program/texlive/2020/texmf-dist/tex/latex/amsmath/amsbsy.sty
Package: amsbsy 1999/11/29 v1.2d Bold Symbols
\pmbraise@=\dimen145
)
(d:/program/texlive/2020/texmf-dist/tex/latex/amsmath/amsopn.sty
Package: amsopn 2016/03/08 v2.02 operator names
)
\inf@bad=\count193
LaTeX Info: Redefining \frac on input line 227.
\uproot@=\count194
\leftroot@=\count195
LaTeX Info: Redefining \overline on input line 389.
\classnum@=\count196
\DOTSCASE@=\count197
LaTeX Info: Redefining \ldots on input line 486.
LaTeX Info: Redefining \dots on input line 489.
LaTeX Info: Redefining \cdots on input line 610.
\Mathstrutbox@=\box53
\strutbox@=\box54
\big@size=\dimen146
LaTeX Font Info:    Redeclaring font encoding OML on input line 733.
LaTeX Font Info:    Redeclaring font encoding OMS on input line 734.
\macc@depth=\count198
\c@MaxMatrixCols=\count199
\dotsspace@=\muskip16
\c@parentequation=\count266
\dspbrk@lvl=\count267
\tag@help=\toks19
\row@=\count268
\column@=\count269
\maxfields@=\count270
\andhelp@=\toks20
\eqnshift@=\dimen147
\alignsep@=\dimen148
\tagshift@=\dimen149
\tagwidth@=\dimen150
\totwidth@=\dimen151
\lineht@=\dimen152
\@envbody=\toks21
\multlinegap=\skip54
\multlinetaggap=\skip55
\mathdisplay@stack=\toks22
LaTeX Info: Redefining \[ on input line 2859.
LaTeX Info: Redefining \] on input line 2860.
)
(d:/program/texlive/2020/texmf-dist/tex/latex/graphics/graphicx.sty
Package: graphicx 2019/11/30 v1.2a Enhanced LaTeX Graphics (DPC,SPQR)

(d:/program/texlive/2020/texmf-dist/tex/latex/graphics/keyval.sty
Package: keyval 2014/10/28 v1.15 key=value parser (DPC)
\KV@toks@=\toks23
)
(d:/program/texlive/2020/texmf-dist/tex/latex/graphics/graphics.sty
Package: graphics 2019/11/30 v1.4a Standard LaTeX Graphics (DPC,SPQR)

(d:/program/texlive/2020/texmf-dist/tex/latex/graphics/trig.sty
Package: trig 2016/01/03 v1.10 sin cos tan (DPC)
)
(d:/program/texlive/2020/texmf-dist/tex/latex/graphics-cfg/graphics.cfg
File: graphics.cfg 2016/06/04 v1.11 sample graphics configuration
)
Package graphics Info: Driver file: pdftex.def on input line 105.

(d:/program/texlive/2020/texmf-dist/tex/latex/graphics-def/pdftex.def
File: pdftex.def 2018/01/08 v1.0l Graphics/color driver for pdftex
))
\Gin@req@height=\dimen153
\Gin@req@width=\dimen154
)
(d:/program/texlive/2020/texmf-dist/tex/latex/cjk/texinput/UTF8/UTF8.bdg
File: UTF8.bdg 2015/04/18 4.8.4
)
(d:/program/texlive/2020/texmf-dist/tex/latex/cjk/texinput/UTF8/UTF8.enc
File: UTF8.enc 2015/04/18 4.8.4
)
(d:/program/texlive/2020/texmf-dist/tex/latex/cjk/texinput/UTF8/UTF8.chr
File: UTF8.chr 2015/04/18 4.8.4
)
(./NOTE.aux)
\openout1 = `NOTE.aux'.

LaTeX Font Info:    Checking defaults for OML/cmm/m/it on input line 6.
LaTeX Font Info:    ... okay on input line 6.
LaTeX Font Info:    Checking defaults for OMS/cmsy/m/n on input line 6.
LaTeX Font Info:    ... okay on input line 6.
LaTeX Font Info:    Checking defaults for OT1/cmr/m/n on input line 6.
LaTeX Font Info:    ... okay on input line 6.
LaTeX Font Info:    Checking defaults for T1/cmr/m/n on input line 6.
LaTeX Font Info:    ... okay on input line 6.
LaTeX Font Info:    Checking defaults for TS1/cmr/m/n on input line 6.
LaTeX Font Info:    ... okay on input line 6.
LaTeX Font Info:    Checking defaults for OMX/cmex/m/n on input line 6.
LaTeX Font Info:    ... okay on input line 6.
LaTeX Font Info:    Checking defaults for U/cmr/m/n on input line 6.
LaTeX Font Info:    ... okay on input line 6.
LaTeX Font Info:    Checking defaults for C00/song/m/n on input line 6.
LaTeX Font Info:    ... okay on input line 6.
LaTeX Font Info:    Checking defaults for C05/song/m/n on input line 6.
LaTeX Font Info:    ... okay on input line 6.
LaTeX Font Info:    Checking defaults for C09/song/m/n on input line 6.
LaTeX Font Info:    ... okay on input line 6.
LaTeX Font Info:    Checking defaults for C10/song/m/n on input line 6.
LaTeX Font Info:    ... okay on input line 6.
LaTeX Font Info:    Checking defaults for C20/song/m/n on input line 6.
LaTeX Font Info:    ... okay on input line 6.
LaTeX Font Info:    Checking defaults for C19/song/m/n on input line 6.
LaTeX Font Info:    ... okay on input line 6.
LaTeX Font Info:    Checking defaults for C40/song/m/n on input line 6.
LaTeX Font Info:    ... okay on input line 6.
LaTeX Font Info:    Checking defaults for C42/song/m/n on input line 6.
LaTeX Font Info:    ... okay on input line 6.
LaTeX Font Info:    Checking defaults for C43/song/m/n on input line 6.
LaTeX Font Info:    ... okay on input line 6.
LaTeX Font Info:    Checking defaults for C50/song/m/n on input line 6.
LaTeX Font Info:    ... okay on input line 6.
LaTeX Font Info:    Checking defaults for C52/song/m/n on input line 6.
LaTeX Font Info:    ... okay on input line 6.
LaTeX Font Info:    Checking defaults for C49/song/m/n on input line 6.
LaTeX Font Info:    ... okay on input line 6.
LaTeX Font Info:    Checking defaults for C60/mj/m/n on input line 6.
LaTeX Font Info:    ... okay on input line 6.
LaTeX Font Info:    Checking defaults for C61/mj/m/n on input line 6.
LaTeX Font Info:    ... okay on input line 6.
LaTeX Font Info:    Checking defaults for C63/mj/m/n on input line 6.
LaTeX Font Info:    ... okay on input line 6.
LaTeX Font Info:    Checking defaults for C64/mj/m/n on input line 6.
LaTeX Font Info:    ... okay on input line 6.
LaTeX Font Info:    Checking defaults for C65/mj/m/n on input line 6.
LaTeX Font Info:    ... okay on input line 6.
LaTeX Font Info:    Checking defaults for C70/song/m/n on input line 6.
LaTeX Font Info:    ... okay on input line 6.
LaTeX Font Info:    Checking defaults for C31/song/m/n on input line 6.
LaTeX Font Info:    ... okay on input line 6.
LaTeX Font Info:    Checking defaults for C32/song/m/n on input line 6.
LaTeX Font Info:    ... okay on input line 6.
LaTeX Font Info:    Checking defaults for C33/song/m/n on input line 6.
LaTeX Font Info:    ... okay on input line 6.
LaTeX Font Info:    Checking defaults for C34/song/m/n on input line 6.
LaTeX Font Info:    ... okay on input line 6.
LaTeX Font Info:    Checking defaults for C35/song/m/n on input line 6.
LaTeX Font Info:    ... okay on input line 6.
LaTeX Font Info:    Checking defaults for C36/song/m/n on input line 6.
LaTeX Font Info:    ... okay on input line 6.
LaTeX Font Info:    Checking defaults for C37/song/m/n on input line 6.
LaTeX Font Info:    ... okay on input line 6.
LaTeX Font Info:    Checking defaults for C80/song/m/n on input line 6.
LaTeX Font Info:    ... okay on input line 6.
LaTeX Font Info:    Checking defaults for C81/song/m/n on input line 6.
LaTeX Font Info:    ... okay on input line 6.
LaTeX Font Info:    Checking defaults for C01/song/m/n on input line 6.
LaTeX Font Info:    ... okay on input line 6.
LaTeX Font Info:    Checking defaults for C11/song/m/n on input line 6.
LaTeX Font Info:    ... okay on input line 6.
LaTeX Font Info:    Checking defaults for C21/song/m/n on input line 6.
LaTeX Font Info:    ... okay on input line 6.
LaTeX Font Info:    Checking defaults for C41/song/m/n on input line 6.
LaTeX Font Info:    ... okay on input line 6.
LaTeX Font Info:    Checking defaults for C62/song/m/n on input line 6.
LaTeX Font Info:    ... okay on input line 6.
 ABD: EverySelectfont initializing macros
LaTeX Info: Redefining \selectfont on input line 6.

(d:/program/texlive/2020/texmf-dist/tex/context/base/mkii/supp-pdf.mkii
[Loading MPS to PDF converter (version 2006.09.02).]
\scratchcounter=\count271
\scratchdimen=\dimen155
\scratchbox=\box55
\nofMPsegments=\count272
\nofMParguments=\count273
\everyMPshowfont=\toks24
\MPscratchCnt=\count274
\MPscratchDim=\dimen156
\MPnumerator=\count275
\makeMPintoPDFobject=\count276
\everyMPtoPDFconversion=\toks25
) (d:/program/texlive/2020/texmf-dist/tex/latex/epstopdf-pkg/epstopdf-base.sty
Package: epstopdf-base 2020-01-24 v2.11 Base part for package epstopdf
Package epstopdf-base Info: Redefining graphics rule for `.eps' on input line 4
85.

(d:/program/texlive/2020/texmf-dist/tex/latex/latexconfig/epstopdf-sys.cfg
File: epstopdf-sys.cfg 2010/07/13 v1.3 Configuration of (r)epstopdf for TeX Liv
e
))
LaTeX Font Info:    Trying to load font information for C70+rm on input line 10
.

(d:/program/texlive/2020/texmf-dist/tex/latex/ctex/fd/c70rm.fd
File: c70rm.fd 2019/05/29 v2.4.16 Chinese font definition (CTEX)
)
Package CJKpunct Info: use punctuation spaces for family 'rm' with punctstyle (
quanjiao) on input line 10.
 [1

] (./NOTE.toc

LaTeX Font Warning: Font shape `OMX/cmex/m/n' in size <10.53937> not available
(Font)              size <10.95> substituted on input line 2.

[2] [3])
\tf@toc=\write3
\openout3 = `NOTE.toc'.

 [4] [5]
Overfull \hbox (37.81836pt too wide) detected at line 43
[][] \OT1/cmr/m/n/10.53937 = [] [] = [] = [](\OML/cmm/m/it/10.53937 x[] \OT1/cm
r/m/n/10.53937 + \OML/cmm/m/it/10.53937 y[] \OT1/cmr/m/n/10.53937 + \OML/cmm/m/
it/10.53937 z[]\OT1/cmr/m/n/10.53937 ) = [][] + [][] + [][] = [] + [] + []
 []

<D:/UniversityNote/PhyNote/1.png, id=162, 404.10976pt x 548.0475pt>
File: D:/UniversityNote/PhyNote/1.png Graphic file (type png)
<use D:/UniversityNote/PhyNote/1.png>
Package pdftex.def Info: D:/UniversityNote/PhyNote/1.png  used on input line 57
.
(pdftex.def)             Requested size: 369.89862pt x 512.18767pt.

Overfull \hbox (45.97736pt too wide) in paragraph at lines 57--58
[][] 
 []

[6]
Overfull \vbox (4.2964pt too high) has occurred while \output is active []


[7 <d:/UniversityNote/PhyNote/1.png (PNG copy)>]
<D:/UniversityNote/PhyNote/2.png, id=186, 405.9165pt x 257.763pt>
File: D:/UniversityNote/PhyNote/2.png Graphic file (type png)
<use D:/UniversityNote/PhyNote/2.png>
Package pdftex.def Info: D:/UniversityNote/PhyNote/2.png  used on input line 59
.
(pdftex.def)             Requested size: 369.89249pt x 284.5392pt.

Overfull \hbox (45.97122pt too wide) in paragraph at lines 59--60
[][] 
 []

<D:/UniversityNote/PhyNote/3.png, id=187, 405.31425pt x 279.444pt>
File: D:/UniversityNote/PhyNote/3.png Graphic file (type png)
<use D:/UniversityNote/PhyNote/3.png>
Package pdftex.def Info: D:/UniversityNote/PhyNote/3.png  used on input line 61
.
(pdftex.def)             Requested size: 369.88174pt x 284.53021pt.

Overfull \hbox (45.96048pt too wide) in paragraph at lines 61--62
[][] 
 []

[8 <d:/UniversityNote/PhyNote/2.png (PNG copy)>]
<D:/UniversityNote/PhyNote/4.png, id=191, 405.9165pt x 272.81924pt>
File: D:/UniversityNote/PhyNote/4.png Graphic file (type png)
<use D:/UniversityNote/PhyNote/4.png>
Package pdftex.def Info: D:/UniversityNote/PhyNote/4.png  used on input line 63
.
(pdftex.def)             Requested size: 369.89249pt x 284.53291pt.

Overfull \hbox (45.97122pt too wide) in paragraph at lines 63--64
[][] 
 []

[9 <d:/UniversityNote/PhyNote/3.png (PNG copy)>] [10 <d:/UniversityNote/PhyNote
/4.png (PNG copy)>]
<D:/UniversityNote/PhyNote/5.png, id=198, 402.303pt x 525.76425pt>
File: D:/UniversityNote/PhyNote/5.png Graphic file (type png)
<use D:/UniversityNote/PhyNote/5.png>
Package pdftex.def Info: D:/UniversityNote/PhyNote/5.png  used on input line 66
.
(pdftex.def)             Requested size: 369.90225pt x 512.15678pt.

Overfull \hbox (45.98099pt too wide) in paragraph at lines 66--67
[][] 
 []

<D:/UniversityNote/PhyNote/6.png, id=199, 407.121pt x 540.8205pt>
File: D:/UniversityNote/PhyNote/6.png Graphic file (type png)
<use D:/UniversityNote/PhyNote/6.png>
Package pdftex.def Info: D:/UniversityNote/PhyNote/6.png  used on input line 68
.
(pdftex.def)             Requested size: 369.90918pt x 512.15086pt.

Overfull \hbox (45.98792pt too wide) in paragraph at lines 68--69
[][] 
 []

[11 <d:/UniversityNote/PhyNote/5.png (PNG copy)>] [12 <d:/UniversityNote/PhyNot
e/6.png (PNG copy)>] [13] [14] [15] [16]
<D:/UniversityNote/PhyNote/7.png, id=234, 354.72525pt x 210.18526pt>
File: D:/UniversityNote/PhyNote/7.png Graphic file (type png)
<use D:/UniversityNote/PhyNote/7.png>
Package pdftex.def Info: D:/UniversityNote/PhyNote/7.png  used on input line 22
5.
(pdftex.def)             Requested size: 369.89066pt x 227.63492pt.

Overfull \hbox (45.96939pt too wide) in paragraph at lines 225--226
[][] 
 []

[17]
<D:/UniversityNote/PhyNote/8.png, id=242, 472.164pt x 238.491pt>
File: D:/UniversityNote/PhyNote/8.png Graphic file (type png)
<use D:/UniversityNote/PhyNote/8.png>
Package pdftex.def Info: D:/UniversityNote/PhyNote/8.png  used on input line 22
7.
(pdftex.def)             Requested size: 369.88586pt x 227.62776pt.

Overfull \hbox (45.9646pt too wide) in paragraph at lines 227--228
[][] 
 []

<D:/UniversityNote/PhyNote/9.png, id=243, 476.37975pt x 254.75175pt>
File: D:/UniversityNote/PhyNote/9.png Graphic file (type png)
<use D:/UniversityNote/PhyNote/9.png>
Package pdftex.def Info: D:/UniversityNote/PhyNote/9.png  used on input line 23
8.
(pdftex.def)             Requested size: 369.88829pt x 227.62238pt.

Overfull \hbox (45.96703pt too wide) in paragraph at lines 238--239
[][] 
 []

[18 <d:/UniversityNote/PhyNote/7.png (PNG copy)> <d:/UniversityNote/PhyNote/8.p
ng (PNG copy)>]
<D:/UniversityNote/PhyNote/10.png, id=247, 471.56175pt x 257.763pt>
File: D:/UniversityNote/PhyNote/10.png Graphic file (type png)
<use D:/UniversityNote/PhyNote/10.png>
Package pdftex.def Info: D:/UniversityNote/PhyNote/10.png  used on input line 2
40.
(pdftex.def)             Requested size: 369.90335pt x 227.63057pt.

Overfull \hbox (45.98209pt too wide) in paragraph at lines 240--241
[][] 
 []

[19 <d:/UniversityNote/PhyNote/9.png (PNG copy)> <d:/UniversityNote/PhyNote/10.
png (PNG copy)>] [20] [21] [22] [23] [24]
<D:/UniversityNote/PhyNote/5102.jpg, id=282, 722.7pt x 406.6392pt>
File: D:/UniversityNote/PhyNote/5102.jpg Graphic file (type jpg)
<use D:/UniversityNote/PhyNote/5102.jpg>
Package pdftex.def Info: D:/UniversityNote/PhyNote/5102.jpg  used on input line
 476.
(pdftex.def)             Requested size: 369.88438pt x 227.62332pt.

Overfull \hbox (45.96312pt too wide) in paragraph at lines 476--477
[][] 
 []

[25]
<D:/UniversityNote/PhyNote/5103.jpg, id=288, 722.7pt x 406.6392pt>
File: D:/UniversityNote/PhyNote/5103.jpg Graphic file (type jpg)
<use D:/UniversityNote/PhyNote/5103.jpg>
Package pdftex.def Info: D:/UniversityNote/PhyNote/5103.jpg  used on input line
 478.
(pdftex.def)             Requested size: 369.88438pt x 227.62332pt.

Overfull \hbox (45.96312pt too wide) in paragraph at lines 478--479
[][] 
 []

<D:/UniversityNote/PhyNote/5104.jpg, id=289, 722.7pt x 406.6392pt>
File: D:/UniversityNote/PhyNote/5104.jpg Graphic file (type jpg)
<use D:/UniversityNote/PhyNote/5104.jpg>
Package pdftex.def Info: D:/UniversityNote/PhyNote/5104.jpg  used on input line
 480.
(pdftex.def)             Requested size: 369.88438pt x 227.62332pt.

Overfull \hbox (45.96312pt too wide) in paragraph at lines 480--481
[][] 
 []

[26 <d:/UniversityNote/PhyNote/5102.jpg> <d:/UniversityNote/PhyNote/5103.jpg>]
<D:/UniversityNote/PhyNote/5105.jpg, id=293, 722.7pt x 406.6392pt>
File: D:/UniversityNote/PhyNote/5105.jpg Graphic file (type jpg)
<use D:/UniversityNote/PhyNote/5105.jpg>
Package pdftex.def Info: D:/UniversityNote/PhyNote/5105.jpg  used on input line
 482.
(pdftex.def)             Requested size: 369.88438pt x 227.62332pt.

Overfull \hbox (45.96312pt too wide) in paragraph at lines 482--483
[][] 
 []

[27 <d:/UniversityNote/PhyNote/5104.jpg> <d:/UniversityNote/PhyNote/5105.jpg>]
[28] [29]
<D:/UniversityNote/PhyNote/11.png, id=309, 713.064pt x 487.22025pt>
File: D:/UniversityNote/PhyNote/11.png Graphic file (type png)
<use D:/UniversityNote/PhyNote/11.png>
Package pdftex.def Info: D:/UniversityNote/PhyNote/11.png  used on input line 5
93.
(pdftex.def)             Requested size: 369.89233pt x 341.431pt.

Overfull \hbox (45.97107pt too wide) in paragraph at lines 593--594
[][] 
 []

[30] [31 <d:/UniversityNote/PhyNote/11.png (PNG copy)>]
Overfull \hbox (69.12082pt too wide) detected at line 632
[] []    [] []
 []

[32] [33]
Underfull \hbox (badness 10000) in paragraph at lines 668--670

 []

[34] [35]
<D:/UniversityNote/PhyNote/9/901.png, id=331, 530.58224pt x 294.50024pt>
File: D:/UniversityNote/PhyNote/9/901.png Graphic file (type png)
<use D:/UniversityNote/PhyNote/9/901.png>
Package pdftex.def Info: D:/UniversityNote/PhyNote/9/901.png  used on input lin
e 759.
(pdftex.def)             Requested size: 369.89108pt x 227.63316pt.
<D:/UniversityNote/PhyNote/9/902.png, id=332, 532.389pt x 294.50024pt>
File: D:/UniversityNote/PhyNote/9/902.png Graphic file (type png)
<use D:/UniversityNote/PhyNote/9/902.png>
Package pdftex.def Info: D:/UniversityNote/PhyNote/9/902.png  used on input lin
e 760.
(pdftex.def)             Requested size: 369.89148pt x 227.63316pt.
<D:/UniversityNote/PhyNote/9/903.png, id=333, 528.7755pt x 292.6935pt>
File: D:/UniversityNote/PhyNote/9/903.png Graphic file (type png)
<use D:/UniversityNote/PhyNote/9/903.png>
Package pdftex.def Info: D:/UniversityNote/PhyNote/9/903.png  used on input lin
e 761.
(pdftex.def)             Requested size: 369.89827pt x 227.62561pt.

Overfull \hbox (45.96982pt too wide) in paragraph at lines 759--762
[][]
 []


Overfull \hbox (24.89148pt too wide) in paragraph at lines 759--762
[]
 []


Overfull \hbox (24.89827pt too wide) in paragraph at lines 759--762
[] 
 []

[36] [37 <d:/UniversityNote/PhyNote/9/901.png (PNG copy)> <d:/UniversityNote/Ph
yNote/9/902.png (PNG copy)>]
<D:/UniversityNote/PhyNote/9/904.png, id=343, 551.661pt x 305.34074pt>
File: D:/UniversityNote/PhyNote/9/904.png Graphic file (type png)
<use D:/UniversityNote/PhyNote/9/904.png>
Package pdftex.def Info: D:/UniversityNote/PhyNote/9/904.png  used on input lin
e 787.
(pdftex.def)             Requested size: 369.88031pt x 227.63055pt.
<D:/UniversityNote/PhyNote/9/905.png, id=344, 552.26324pt x 305.943pt>
File: D:/UniversityNote/PhyNote/9/905.png Graphic file (type png)
<use D:/UniversityNote/PhyNote/9/905.png>
Package pdftex.def Info: D:/UniversityNote/PhyNote/9/905.png  used on input lin
e 788.
(pdftex.def)             Requested size: 369.88805pt x 227.62202pt.
<D:/UniversityNote/PhyNote/9/906.png, id=345, 549.85425pt x 305.34074pt>
File: D:/UniversityNote/PhyNote/9/906.png Graphic file (type png)
<use D:/UniversityNote/PhyNote/9/906.png>
Package pdftex.def Info: D:/UniversityNote/PhyNote/9/906.png  used on input lin
e 789.
(pdftex.def)             Requested size: 369.88547pt x 227.63055pt.

Overfull \hbox (45.95905pt too wide) in paragraph at lines 787--790
[][]
 []


Overfull \hbox (24.88805pt too wide) in paragraph at lines 787--790
[]
 []


Overfull \hbox (24.88547pt too wide) in paragraph at lines 787--790
[] 
 []

[38 <d:/UniversityNote/PhyNote/9/903.png (PNG copy)>] [39 <d:/UniversityNote/Ph
yNote/9/904.png (PNG copy)> <d:/UniversityNote/PhyNote/9/905.png (PNG copy)>]
<D:/UniversityNote/PhyNote/9/907.png, id=355, 548.0475pt x 312.56775pt>
File: D:/UniversityNote/PhyNote/9/907.png Graphic file (type png)
<use D:/UniversityNote/PhyNote/9/907.png>
Package pdftex.def Info: D:/UniversityNote/PhyNote/9/907.png  used on input lin
e 811.
(pdftex.def)             Requested size: 369.891pt x 227.62407pt.

Overfull \hbox (45.96974pt too wide) in paragraph at lines 811--812
[][] 
 []

[40 <d:/UniversityNote/PhyNote/9/906.png (PNG copy)>] [41 <d:/UniversityNote/Ph
yNote/9/907.png (PNG copy)>] [42]
<D:/UniversityNote/PhyNote/10/1001.png, id=368, 548.0475pt x 309.5565pt>
File: D:/UniversityNote/PhyNote/10/1001.png Graphic file (type png)
<use D:/UniversityNote/PhyNote/10/1001.png>
Package pdftex.def Info: D:/UniversityNote/PhyNote/10/1001.png  used on input l
ine 899.
(pdftex.def)             Requested size: 369.891pt x 227.62756pt.
<D:/UniversityNote/PhyNote/10/1002.png, id=369, 549.252pt x 311.9655pt>
File: D:/UniversityNote/PhyNote/10/1002.png Graphic file (type png)
<use D:/UniversityNote/PhyNote/10/1002.png>
Package pdftex.def Info: D:/UniversityNote/PhyNote/10/1002.png  used on input l
ine 900.
(pdftex.def)             Requested size: 369.88263pt x 227.62819pt.
<D:/UniversityNote/PhyNote/10/1003.png, id=370, 549.252pt x 305.943pt>
File: D:/UniversityNote/PhyNote/10/1003.png Graphic file (type png)
<use D:/UniversityNote/PhyNote/10/1003.png>
Package pdftex.def Info: D:/UniversityNote/PhyNote/10/1003.png  used on input l
ine 901.
(pdftex.def)             Requested size: 369.88263pt x 227.62202pt.
<D:/UniversityNote/PhyNote/10/1004.png, id=371, 546.24075pt x 310.15875pt>
File: D:/UniversityNote/PhyNote/10/1004.png Graphic file (type png)
<use D:/UniversityNote/PhyNote/10/1004.png>
Package pdftex.def Info: D:/UniversityNote/PhyNote/10/1004.png  used on input l
ine 902.
(pdftex.def)             Requested size: 369.89684pt x 227.62082pt.
<D:/UniversityNote/PhyNote/10/1005.png, id=372, 554.67226pt x 308.352pt>
File: D:/UniversityNote/PhyNote/10/1005.png Graphic file (type png)
<use D:/UniversityNote/PhyNote/10/1005.png>
Package pdftex.def Info: D:/UniversityNote/PhyNote/10/1005.png  used on input l
ine 903.
(pdftex.def)             Requested size: 369.89343pt x 227.6264pt.

Overfull \hbox (45.96974pt too wide) in paragraph at lines 899--904
[][]
 []


Overfull \hbox (24.88263pt too wide) in paragraph at lines 899--904
[]
 []


Overfull \hbox (24.88263pt too wide) in paragraph at lines 899--904
[]
 []


Overfull \hbox (24.89684pt too wide) in paragraph at lines 899--904
[]
 []


Overfull \hbox (24.89343pt too wide) in paragraph at lines 899--904
[] 
 []

[43] [44 <d:/UniversityNote/PhyNote/10/1001.png (PNG copy)> <d:/UniversityNote/
PhyNote/10/1002.png (PNG copy)>] [45 <d:/UniversityNote/PhyNote/10/1003.png (PN
G copy)> <d:/UniversityNote/PhyNote/10/1004.png (PNG copy)>] [46 <d:/University
Note/PhyNote/10/1005.png (PNG copy)>] [47] [48] [49]
<D:/UniversityNote/PhyNote/10/1006.png, id=399, 546.24075pt x 307.74976pt>
File: D:/UniversityNote/PhyNote/10/1006.png Graphic file (type png)
<use D:/UniversityNote/PhyNote/10/1006.png>
Package pdftex.def Info: D:/UniversityNote/PhyNote/10/1006.png  used on input l
ine 1056.
(pdftex.def)             Requested size: 369.89684pt x 227.63263pt.
<D:/UniversityNote/PhyNote/10/1007.png, id=400, 549.252pt x 305.34074pt>
File: D:/UniversityNote/PhyNote/10/1007.png Graphic file (type png)
<use D:/UniversityNote/PhyNote/10/1007.png>
Package pdftex.def Info: D:/UniversityNote/PhyNote/10/1007.png  used on input l
ine 1057.
(pdftex.def)             Requested size: 369.88263pt x 227.63055pt.
<D:/UniversityNote/PhyNote/10/1008.png, id=401, 550.4565pt x 310.15875pt>
File: D:/UniversityNote/PhyNote/10/1008.png Graphic file (type png)
<use D:/UniversityNote/PhyNote/10/1008.png>
Package pdftex.def Info: D:/UniversityNote/PhyNote/10/1008.png  used on input l
ine 1058.
(pdftex.def)             Requested size: 369.89584pt x 227.62082pt.
<D:/UniversityNote/PhyNote/10/1009.png, id=402, 549.85425pt x 308.352pt>
File: D:/UniversityNote/PhyNote/10/1009.png Graphic file (type png)
<use D:/UniversityNote/PhyNote/10/1009.png>
Package pdftex.def Info: D:/UniversityNote/PhyNote/10/1009.png  used on input l
ine 1059.
(pdftex.def)             Requested size: 369.88547pt x 227.6264pt.
<D:/UniversityNote/PhyNote/10/1010.png, id=403, 553.46774pt x 310.761pt>
File: D:/UniversityNote/PhyNote/10/1010.png Graphic file (type png)
<use D:/UniversityNote/PhyNote/10/1010.png>
Package pdftex.def Info: D:/UniversityNote/PhyNote/10/1010.png  used on input l
ine 1060.
(pdftex.def)             Requested size: 369.90092pt x 227.62656pt.

Overfull \hbox (45.97557pt too wide) in paragraph at lines 1056--1061
[][]
 []


Overfull \hbox (24.88263pt too wide) in paragraph at lines 1056--1061
[]
 []


Overfull \hbox (24.89584pt too wide) in paragraph at lines 1056--1061
[]
 []


Overfull \hbox (24.88547pt too wide) in paragraph at lines 1056--1061
[]
 []


Overfull \hbox (24.90092pt too wide) in paragraph at lines 1056--1061
[] 
 []

[50 <d:/UniversityNote/PhyNote/10/1006.png (PNG copy)> <d:/UniversityNote/PhyNo
te/10/1007.png (PNG copy)>] [51 <d:/UniversityNote/PhyNote/10/1008.png (PNG cop
y)> <d:/UniversityNote/PhyNote/10/1009.png (PNG copy)>] [52 <d:/UniversityNote/
PhyNote/10/1010.png (PNG copy)>] (./NOTE.aux)

LaTeX Font Warning: Size substitutions with differences
(Font)              up to 0.41063pt have occurred.

 ) 
Here is how much of TeX's memory you used:
 7756 strings out of 480608
 132939 string characters out of 5903608
 348999 words of memory out of 5000000
 23104 multiletter control sequences out of 15000+600000
 597858 words of font info for 266 fonts, out of 8000000 for 9000
 1141 hyphenation exceptions out of 8191
 46i,11n,52p,516b,373s stack positions out of 5000i,500n,10000p,200000b,80000s
<c:/Windows/Fonts/simsun.ttc><c:/Windows/Fonts/simhei.ttf><c:/Windows/Fonts/s
imhei.ttf><c:/Windows/Fonts/simsun.ttc><c:/Windows/Fonts/simsun.ttc><c:/Windows
/Fonts/simhei.ttf><c:/Windows/Fonts/simhei.ttf><c:/Windows/Fonts/simsun.ttc><c:
/Windows/Fonts/simhei.ttf><c:/Windows/Fonts/simhei.ttf><c:/Windows/Fonts/simhei
.ttf><c:/Windows/Fonts/simsun.ttc><c:/Windows/Fonts/simhei.ttf><c:/Windows/Font
s/simhei.ttf><c:/Windows/Fonts/simhei.ttf><c:/Windows/Fonts/simsun.ttc><c:/Wind
ows/Fonts/simhei.ttf><c:/Windows/Fonts/simhei.ttf><c:/Windows/Fonts/simsun.ttc>
<c:/Windows/Fonts/simsun.ttc><c:/Windows/Fonts/simsun.ttc><c:/Windows/Fonts/sim
hei.ttf><c:/Windows/Fonts/simsun.ttc><c:/Windows/Fonts/simhei.ttf><c:/Windows/F
onts/simsun.ttc><c:/Windows/Fonts/simsun.ttc><c:/Windows/Fonts/simhei.ttf><c:/W
indows/Fonts/simhei.ttf><c:/Windows/Fonts/simhei.ttf><c:/Windows/Fonts/simsun.t
tc><c:/Windows/Fonts/simhei.ttf><c:/Windows/Fonts/simsun.ttc><c:/Windows/Fonts/
simsun.ttc><c:/Windows/Fonts/simsun.ttc><c:/Windows/Fonts/simsun.ttc><c:/Window
s/Fonts/simhei.ttf><c:/Windows/Fonts/simhei.ttf><c:/Windows/Fonts/simhei.ttf><c
:/Windows/Fonts/simhei.ttf><c:/Windows/Fonts/simhei.ttf><c:/Windows/Fonts/simhe
i.ttf><c:/Windows/Fonts/simhei.ttf><c:/Windows/Fonts/simsun.ttc><c:/Windows/Fon
ts/simsun.ttc><c:/Windows/Fonts/simsun.ttc><c:/Windows/Fonts/simsun.ttc><c:/Win
dows/Fonts/simhei.ttf><c:/Windows/Fonts/simhei.ttf><c:/Windows/Fonts/simhei.ttf
><c:/Windows/Fonts/simsun.ttc><c:/Windows/Fonts/simsun.ttc><c:/Windows/Fonts/si
msun.ttc><c:/Windows/Fonts/simsun.ttc><c:/Windows/Fonts/simsun.ttc><c:/Windows/
Fonts/simsun.ttc><c:/Windows/Fonts/simhei.ttf><c:/Windows/Fonts/simhei.ttf><c:/
Windows/Fonts/simhei.ttf><c:/Windows/Fonts/simhei.ttf><c:/Windows/Fonts/simsun.
ttc><c:/Windows/Fonts/simsun.ttc><c:/Windows/Fonts/simsun.ttc><c:/Windows/Fonts
/simsun.ttc><c:/Windows/Fonts/simsun.ttc><c:/Windows/Fonts/simhei.ttf><c:/Windo
ws/Fonts/simhei.ttf><c:/Windows/Fonts/simhei.ttf><c:/Windows/Fonts/simsun.ttc><
c:/Windows/Fonts/simsun.ttc><c:/Windows/Fonts/simsun.ttc><c:/Windows/Fonts/sims
un.ttc><c:/Windows/Fonts/simsun.ttc><c:/Windows/Fonts/simhei.ttf><c:/Windows/Fo
nts/simsun.ttc><c:/Windows/Fonts/simsun.ttc><c:/Windows/Fonts/simsun.ttc><c:/Wi
ndows/Fonts/simsun.ttc><c:/Windows/Fonts/simsun.ttc><c:/Windows/Fonts/simsun.tt
c><c:/Windows/Fonts/simhei.ttf><c:/Windows/Fonts/simhei.ttf><c:/Windows/Fonts/s
imhei.ttf><c:/Windows/Fonts/simsun.ttc><c:/Windows/Fonts/simsun.ttc><c:/Windows
/Fonts/simsun.ttc><c:/Windows/Fonts/simsun.ttc><c:/Windows/Fonts/simsun.ttc><c:
/Windows/Fonts/simhei.ttf><c:/Windows/Fonts/simhei.ttf><c:/Windows/Fonts/simhei
.ttf><c:/Windows/Fonts/simhei.ttf><c:/Windows/Fonts/simhei.ttf><c:/Windows/Font
s/simsun.ttc><c:/Windows/Fonts/simsun.ttc><c:/Windows/Fonts/simsun.ttc><c:/Wind
ows/Fonts/simsun.ttc><c:/Windows/Fonts/simsun.ttc><c:/Windows/Fonts/simsun.ttc>
<c:/Windows/Fonts/simsun.ttc><c:/Windows/Fonts/simsun.ttc><c:/Windows/Fonts/sim
sun.ttc><c:/Windows/Fonts/simsun.ttc><c:/Windows/Fonts/simhei.ttf><c:/Windows/F
onts/simhei.ttf><c:/Windows/Fonts/simhei.ttf><c:/Windows/Fonts/simhei.ttf><c:/W
indows/Fonts/simhei.ttf><c:/Windows/Fonts/simhei.ttf><c:/Windows/Fonts/simhei.t
tf><c:/Windows/Fonts/simhei.ttf><c:/Windows/Fonts/simhei.ttf><c:/Windows/Fonts/
simhei.ttf><c:/Windows/Fonts/simsun.ttc><c:/Windows/Fonts/simsun.ttc><c:/Window
s/Fonts/simsun.ttc><c:/Windows/Fonts/simsun.ttc><c:/Windows/Fonts/simsun.ttc><c
:/Windows/Fonts/simsun.ttc><c:/Windows/Fonts/simsun.ttc><c:/Windows/Fonts/simsu
n.ttc><c:/Windows/Fonts/simsun.ttc><c:/Windows/Fonts/simsun.ttc><c:/Windows/Fon
ts/simsun.ttc><c:/Windows/Fonts/simsun.ttc><c:/Windows/Fonts/simsun.ttc><c:/Win
dows/Fonts/simsun.ttc><c:/Windows/Fonts/simsun.ttc><c:/Windows/Fonts/simsun.ttc
><d:/program/texlive/2020/texmf-dist/fonts/type1/public/amsfonts/cm/cmbx10.pfb>
<d:/program/texlive/2020/texmf-dist/fonts/type1/public/amsfonts/cm/cmbx12.pfb><
d:/program/texlive/2020/texmf-dist/fonts/type1/public/amsfonts/cm/cmex10.pfb><d
:/program/texlive/2020/texmf-dist/fonts/type1/public/amsfonts/cmextra/cmex7.pfb
><d:/program/texlive/2020/texmf-dist/fonts/type1/public/amsfonts/cm/cmmi10.pfb>
<d:/program/texlive/2020/texmf-dist/fonts/type1/public/amsfonts/cm/cmmi5.pfb><d
:/program/texlive/2020/texmf-dist/fonts/type1/public/amsfonts/cm/cmmi7.pfb><d:/
program/texlive/2020/texmf-dist/fonts/type1/public/amsfonts/cm/cmr10.pfb><d:/pr
ogram/texlive/2020/texmf-dist/fonts/type1/public/amsfonts/cm/cmr12.pfb><d:/prog
ram/texlive/2020/texmf-dist/fonts/type1/public/amsfonts/cm/cmr5.pfb><d:/program
/texlive/2020/texmf-dist/fonts/type1/public/amsfonts/cm/cmr7.pfb><d:/program/te
xlive/2020/texmf-dist/fonts/type1/public/amsfonts/cm/cmsy10.pfb><d:/program/tex
live/2020/texmf-dist/fonts/type1/public/amsfonts/cm/cmsy5.pfb><d:/program/texli
ve/2020/texmf-dist/fonts/type1/public/amsfonts/cm/cmsy7.pfb>
Output written on NOTE.pdf (52 pages, 8069171 bytes).
PDF statistics:
 851 PDF objects out of 1000 (max. 8388607)
 543 compressed objects within 6 object streams
 0 named destinations out of 1000 (max. 500000)
 457 words of extra memory for PDF output out of 10000 (max. 10000000)

